<?xml version="1.0" encoding="UTF-8"?>
<!-- Generated by org.testng.reporters.JUnitXMLReporter -->
<testsuite ignored="6" hostname="swastik" failures="0" tests="4" name="Test" time="257.725" errors="0" timestamp="2023-03-29T12:14:52 IST">
  <testcase classname="com.actiTime.testcase.ActitimeCreateCustomer" name="createcustomer" time="53.216"/>
  <testcase classname="com.actiTime.testcase.ActitimeTypeOfWork" name="ActitimeCreateTypeOfWork" time="36.79"/>
  <testcase classname="com.actiTime.testcase.ActitimeLoginLogout" name="loginlogout" time="12.464"/>
  <testcase classname="com.actiTime.testcase.DeleteTypeofWork" name="deletetypeofwork" time="27.709"/>
  <testcase classname="com.actiTime.generic.BaseTest" name="@AfterSuite executionComplete" time="0.0">
    <ignored/>
  </testcase> <!-- @AfterSuite executionComplete -->
  <testcase classname="com.actiTime.generic.BaseTest" name="@BeforeSuite executionStart" time="0.0">
    <ignored/>
  </testcase> <!-- @BeforeSuite executionStart -->
  <testcase classname="com.actiTime.generic.BaseTest" name="@AfterSuite executionComplete" time="0.0">
    <ignored/>
  </testcase> <!-- @AfterSuite executionComplete -->
  <testcase classname="com.actiTime.generic.BaseTest" name="@BeforeSuite executionStart" time="0.0">
    <ignored/>
  </testcase> <!-- @BeforeSuite executionStart -->
  <testcase classname="com.actiTime.generic.BaseTest" name="@BeforeSuite executionStart" time="0.0">
    <ignored/>
  </testcase> <!-- @BeforeSuite executionStart -->
  <testcase classname="com.actiTime.generic.BaseTest" name="@AfterSuite executionComplete" time="0.0">
    <ignored/>
  </testcase> <!-- @AfterSuite executionComplete -->
</testsuite> <!-- Test -->
