<?xml version="1.0" encoding="UTF-8"?>
<testng-results ignored="6" total="10" passed="4" failed="0" skipped="0">
  <reporter-output>
  </reporter-output>
  <suite started-at="2023-03-29T12:10:34 IST" name="Suite" finished-at="2023-03-29T12:14:52 IST" duration-ms="257725">
    <groups>
    </groups>
    <test started-at="2023-03-29T12:10:34 IST" name="Test" finished-at="2023-03-29T12:14:52 IST" duration-ms="257725">
      <class name="com.actiTime.testcase.ActitimeLoginLogout">
        <test-method is-config="true" signature="setup()[pri:0, instance:com.actiTime.testcase.ActitimeLoginLogout@6d763516]" started-at="2023-03-29T12:13:32 IST" name="setup" finished-at="2023-03-29T12:13:45 IST" duration-ms="12294" status="PASS">
          <reporter-output>
          </reporter-output>
        </test-method> <!-- setup -->
        <test-method signature="loginlogout()[pri:0, instance:com.actiTime.testcase.ActitimeLoginLogout@6d763516]" started-at="2023-03-29T12:13:45 IST" name="loginlogout" finished-at="2023-03-29T12:13:57 IST" duration-ms="12464" status="PASS">
          <reporter-output>
          </reporter-output>
        </test-method> <!-- loginlogout -->
        <test-method is-config="true" signature="teardown()[pri:0, instance:com.actiTime.testcase.ActitimeLoginLogout@6d763516]" started-at="2023-03-29T12:13:57 IST" name="teardown" finished-at="2023-03-29T12:14:07 IST" duration-ms="9525" status="PASS">
          <reporter-output>
          </reporter-output>
        </test-method> <!-- teardown -->
      </class> <!-- com.actiTime.testcase.ActitimeLoginLogout -->
      <class name="com.actiTime.testcase.ActitimeCreateCustomer">
        <test-method is-config="true" signature="executionStart()[pri:0, instance:com.actiTime.testcase.ActitimeCreateCustomer@9f116cc]" started-at="2023-03-29T12:10:34 IST" name="executionStart" finished-at="2023-03-29T12:10:34 IST" duration-ms="12" status="PASS">
          <reporter-output>
          </reporter-output>
        </test-method> <!-- executionStart -->
        <test-method is-config="true" signature="setup()[pri:0, instance:com.actiTime.testcase.ActitimeCreateCustomer@9f116cc]" started-at="2023-03-29T12:10:34 IST" name="setup" finished-at="2023-03-29T12:11:36 IST" duration-ms="61379" status="PASS">
          <reporter-output>
          </reporter-output>
        </test-method> <!-- setup -->
        <test-method signature="createcustomer()[pri:0, instance:com.actiTime.testcase.ActitimeCreateCustomer@9f116cc]" started-at="2023-03-29T12:11:36 IST" name="createcustomer" finished-at="2023-03-29T12:12:29 IST" duration-ms="53216" status="PASS">
          <reporter-output>
          </reporter-output>
        </test-method> <!-- createcustomer -->
        <test-method is-config="true" signature="teardown()[pri:0, instance:com.actiTime.testcase.ActitimeCreateCustomer@9f116cc]" started-at="2023-03-29T12:12:29 IST" name="teardown" finished-at="2023-03-29T12:12:37 IST" duration-ms="7626" status="PASS">
          <reporter-output>
          </reporter-output>
        </test-method> <!-- teardown -->
        <test-method is-config="true" signature="executionComplete()[pri:0, instance:com.actiTime.testcase.ActitimeCreateCustomer@9f116cc]" started-at="2023-03-29T12:14:52 IST" name="executionComplete" finished-at="2023-03-29T12:14:52 IST" duration-ms="0" status="PASS">
          <reporter-output>
          </reporter-output>
        </test-method> <!-- executionComplete -->
      </class> <!-- com.actiTime.testcase.ActitimeCreateCustomer -->
      <class name="com.actiTime.testcase.DeleteTypeofWork">
        <test-method is-config="true" signature="setup()[pri:0, instance:com.actiTime.testcase.DeleteTypeofWork@52bf72b5]" started-at="2023-03-29T12:14:07 IST" name="setup" finished-at="2023-03-29T12:14:17 IST" duration-ms="10121" status="PASS">
          <reporter-output>
          </reporter-output>
        </test-method> <!-- setup -->
        <test-method signature="deletetypeofwork()[pri:0, instance:com.actiTime.testcase.DeleteTypeofWork@52bf72b5]" started-at="2023-03-29T12:14:17 IST" name="deletetypeofwork" finished-at="2023-03-29T12:14:45 IST" duration-ms="27709" status="PASS">
          <reporter-output>
          </reporter-output>
        </test-method> <!-- deletetypeofwork -->
        <test-method is-config="true" signature="teardown()[pri:0, instance:com.actiTime.testcase.DeleteTypeofWork@52bf72b5]" started-at="2023-03-29T12:14:45 IST" name="teardown" finished-at="2023-03-29T12:14:52 IST" duration-ms="7557" status="PASS">
          <reporter-output>
          </reporter-output>
        </test-method> <!-- teardown -->
      </class> <!-- com.actiTime.testcase.DeleteTypeofWork -->
      <class name="com.actiTime.testcase.ActitimeTypeOfWork">
        <test-method is-config="true" signature="setup()[pri:0, instance:com.actiTime.testcase.ActitimeTypeOfWork@2a798d51]" started-at="2023-03-29T12:12:37 IST" name="setup" finished-at="2023-03-29T12:12:48 IST" duration-ms="11498" status="PASS">
          <reporter-output>
          </reporter-output>
        </test-method> <!-- setup -->
        <test-method signature="ActitimeCreateTypeOfWork()[pri:0, instance:com.actiTime.testcase.ActitimeTypeOfWork@2a798d51]" started-at="2023-03-29T12:12:48 IST" name="ActitimeCreateTypeOfWork" finished-at="2023-03-29T12:13:25 IST" duration-ms="36790" status="PASS">
          <reporter-output>
          </reporter-output>
        </test-method> <!-- ActitimeCreateTypeOfWork -->
        <test-method is-config="true" signature="teardown()[pri:0, instance:com.actiTime.testcase.ActitimeTypeOfWork@2a798d51]" started-at="2023-03-29T12:13:25 IST" name="teardown" finished-at="2023-03-29T12:13:32 IST" duration-ms="7489" status="PASS">
          <reporter-output>
          </reporter-output>
        </test-method> <!-- teardown -->
      </class> <!-- com.actiTime.testcase.ActitimeTypeOfWork -->
    </test> <!-- Test -->
  </suite> <!-- Suite -->
</testng-results>
