<?xml version="1.0" encoding="UTF-8"?>
<testng-results ignored="0" total="1" passed="1" failed="0" skipped="0">
  <reporter-output>
  </reporter-output>
  <suite started-at="2023-03-28T22:40:11 IST" name="Default suite" finished-at="2023-03-28T22:41:20 IST" duration-ms="68743">
    <groups>
    </groups>
    <test started-at="2023-03-28T22:40:11 IST" name="Default test" finished-at="2023-03-28T22:41:20 IST" duration-ms="68743">
      <class name="com.actiTime.testcase.ActitimeLoginLogout">
        <test-method is-config="true" signature="executionStart()[pri:0, instance:com.actiTime.testcase.ActitimeLoginLogout@59474f18]" started-at="2023-03-28T22:40:11 IST" name="executionStart" finished-at="2023-03-28T22:40:11 IST" duration-ms="11" status="PASS">
          <reporter-output>
          </reporter-output>
        </test-method> <!-- executionStart -->
        <test-method is-config="true" signature="setup()[pri:0, instance:com.actiTime.testcase.ActitimeLoginLogout@59474f18]" started-at="2023-03-28T22:40:11 IST" name="setup" finished-at="2023-03-28T22:40:54 IST" duration-ms="42996" status="PASS">
          <reporter-output>
          </reporter-output>
        </test-method> <!-- setup -->
        <test-method signature="loginlogout()[pri:0, instance:com.actiTime.testcase.ActitimeLoginLogout@59474f18]" started-at="2023-03-28T22:40:54 IST" name="loginlogout" finished-at="2023-03-28T22:41:12 IST" duration-ms="18013" status="PASS">
          <reporter-output>
          </reporter-output>
        </test-method> <!-- loginlogout -->
        <test-method is-config="true" signature="teardown()[pri:0, instance:com.actiTime.testcase.ActitimeLoginLogout@59474f18]" started-at="2023-03-28T22:41:12 IST" name="teardown" finished-at="2023-03-28T22:41:20 IST" duration-ms="7699" status="PASS">
          <reporter-output>
          </reporter-output>
        </test-method> <!-- teardown -->
        <test-method is-config="true" signature="executionComplete()[pri:0, instance:com.actiTime.testcase.ActitimeLoginLogout@59474f18]" started-at="2023-03-28T22:41:20 IST" name="executionComplete" finished-at="2023-03-28T22:41:20 IST" duration-ms="1" status="PASS">
          <reporter-output>
          </reporter-output>
        </test-method> <!-- executionComplete -->
      </class> <!-- com.actiTime.testcase.ActitimeLoginLogout -->
    </test> <!-- Default test -->
  </suite> <!-- Default suite -->
</testng-results>
